<?xml version="1.0" encoding="UTF-8"?>
<testsuite xmlns:xsi="http://www.w3.org/2001/XMLSchema-instance" xsi:noNamespaceSchemaLocation="https://maven.apache.org/surefire/maven-surefire-plugin/xsd/surefire-test-report-3.0.xsd" version="3.0" name="br.com.fiap.coletaSeletiva.ColetaSeletivaApplicationTests" time="18.027" tests="1" errors="0" skipped="0" failures="0">
  <properties>
[...]
</properties>
  <testcase name="contextLoads" classname="br.com.fiap.coletaSeletiva.ColetaSeletivaApplicationTests" time="0.892">
    <system-out><![CDATA[21:08:13.854 [main] INFO org.springframework.test.context.support.AnnotationConfigContextLoaderUtils -- Could not detect default configuration classes for test class [br.com.fiap.coletaSeletiva.ColetaSeletivaApplicationTests]: ColetaSeletivaApplicationTests does not declare any static, non-private, non-final, nested classes annotated with @Configuration.
21:08:14.077 [main] INFO org.springframework.boot.test.context.SpringBootTestContextBootstrapper -- Found @SpringBootConfiguration br.com.fiap.coletaSeletiva.ColetaSeletivaApplication for test class br.com.fiap.coletaSeletiva.ColetaSeletivaApplicationTests

  .   ____          _            __ _ _
 /\\ / ___'_ __ _ _(_)_ __  __ _ \ \ \ \
( ( )\___ | '_ | '_| | '_ \/ _` | \ \ \ \
 \\/  ___)| |_)| | | | | || (_| |  ) ) ) )
  '  |____| .__|_| |_|_| |_\__, | / / / /
 =========|_|==============|___/=/_/_/_/
 :: Spring Boot ::                (v3.2.5)

2024-05-27T21:08:14.938-03:00  INFO 4864 --- [coletaSeletiva] [           main] b.c.f.c.ColetaSeletivaApplicationTests   : Starting ColetaSeletivaApplicationTests using Java 18.0.2 with PID 4864 (started by jonat in C:\Users\jonat\Desktop\Projetinhos\coletaResiduos)
2024-05-27T21:08:14.940-03:00  INFO 4864 --- [coletaSeletiva] [           main] b.c.f.c.ColetaSeletivaApplicationTests   : No active profile set, falling back to 1 default profile: "default"
2024-05-27T21:08:16.794-03:00  INFO 4864 --- [coletaSeletiva] [           main] .s.d.r.c.RepositoryConfigurationDelegate : Bootstrapping Spring Data JPA repositories in DEFAULT mode.
2024-05-27T21:08:16.918-03:00  INFO 4864 --- [coletaSeletiva] [           main] .s.d.r.c.RepositoryConfigurationDelegate : Finished Spring Data repository scanning in 110 ms. Found 3 JPA repository interfaces.
2024-05-27T21:08:18.800-03:00  INFO 4864 --- [coletaSeletiva] [           main] com.zaxxer.hikari.HikariDataSource       : HikariPool-1 - Starting...
2024-05-27T21:08:21.004-03:00  INFO 4864 --- [coletaSeletiva] [           main] com.zaxxer.hikari.pool.HikariPool        : HikariPool-1 - Added connection oracle.jdbc.driver.T4CConnection@59303963
2024-05-27T21:08:21.010-03:00  INFO 4864 --- [coletaSeletiva] [           main] com.zaxxer.hikari.HikariDataSource       : HikariPool-1 - Start completed.
2024-05-27T21:08:21.687-03:00  INFO 4864 --- [coletaSeletiva] [           main] o.f.c.internal.license.VersionPrinter    : Flyway Community Edition 9.22.3 by Redgate
2024-05-27T21:08:21.688-03:00  INFO 4864 --- [coletaSeletiva] [           main] o.f.c.internal.license.VersionPrinter    : See release notes here: https://rd.gt/416ObMi
2024-05-27T21:08:21.688-03:00  INFO 4864 --- [coletaSeletiva] [           main] o.f.c.internal.license.VersionPrinter    : 
2024-05-27T21:08:21.803-03:00  INFO 4864 --- [coletaSeletiva] [           main] org.flywaydb.core.FlywayExecutor         : Database: jdbc:oracle:thin:@oracle.fiap.com.br:1521:ORCL (Oracle 19.0)
2024-05-27T21:08:22.363-03:00  INFO 4864 --- [coletaSeletiva] [           main] o.f.c.i.s.JdbcTableSchemaHistory         : Schema history table "RM552303"."flyway_schema_history" does not exist yet
2024-05-27T21:08:22.377-03:00  INFO 4864 --- [coletaSeletiva] [           main] o.f.core.internal.command.DbValidate     : Successfully validated 1 migration (execution time 00:00.060s)
2024-05-27T21:08:22.962-03:00  INFO 4864 --- [coletaSeletiva] [           main] o.f.c.i.s.JdbcTableSchemaHistory         : Creating Schema History table "RM552303"."flyway_schema_history" with baseline ...
2024-05-27T21:08:23.119-03:00  INFO 4864 --- [coletaSeletiva] [           main] o.f.core.internal.command.DbBaseline     : Successfully baselined schema with version: 1
2024-05-27T21:08:23.228-03:00  INFO 4864 --- [coletaSeletiva] [           main] o.f.core.internal.command.DbMigrate      : Current version of schema "RM552303": 1
2024-05-27T21:08:23.257-03:00  INFO 4864 --- [coletaSeletiva] [           main] o.f.core.internal.command.DbMigrate      : Migrating schema "RM552303" to version "2 - criar tabelas-criar sequencias"
2024-05-27T21:08:23.499-03:00  INFO 4864 --- [coletaSeletiva] [           main] o.f.core.internal.command.DbMigrate      : Successfully applied 1 migration to schema "RM552303", now at version v2 (execution time 00:00.168s)
2024-05-27T21:08:23.815-03:00  INFO 4864 --- [coletaSeletiva] [           main] o.hibernate.jpa.internal.util.LogHelper  : HHH000204: Processing PersistenceUnitInfo [name: default]
2024-05-27T21:08:23.962-03:00  INFO 4864 --- [coletaSeletiva] [           main] org.hibernate.Version                    : HHH000412: Hibernate ORM core version 6.4.4.Final
2024-05-27T21:08:24.033-03:00  INFO 4864 --- [coletaSeletiva] [           main] o.h.c.internal.RegionFactoryInitiator    : HHH000026: Second-level cache disabled
2024-05-27T21:08:24.541-03:00  INFO 4864 --- [coletaSeletiva] [           main] o.s.o.j.p.SpringPersistenceUnitInfo      : No LoadTimeWeaver setup: ignoring JPA class transformer
2024-05-27T21:08:27.097-03:00  INFO 4864 --- [coletaSeletiva] [           main] o.h.e.t.j.p.i.JtaPlatformInitiator       : HHH000489: No JTA platform available (set 'hibernate.transaction.jta.platform' to enable JTA platform integration)
2024-05-27T21:08:27.102-03:00  INFO 4864 --- [coletaSeletiva] [           main] j.LocalContainerEntityManagerFactoryBean : Initialized JPA EntityManagerFactory for persistence unit 'default'
2024-05-27T21:08:28.382-03:00  WARN 4864 --- [coletaSeletiva] [           main] JpaBaseConfiguration$JpaWebConfiguration : spring.jpa.open-in-view is enabled by default. Therefore, database queries may be performed during view rendering. Explicitly configure spring.jpa.open-in-view to disable this warning
2024-05-27T21:08:29.602-03:00  INFO 4864 --- [coletaSeletiva] [           main] o.s.s.web.DefaultSecurityFilterChain     : Will secure any request with [org.springframework.security.web.session.DisableEncodeUrlFilter@62c02089, org.springframework.security.web.context.request.async.WebAsyncManagerIntegrationFilter@3359217d, org.springframework.security.web.context.SecurityContextHolderFilter@283595db, org.springframework.security.web.header.HeaderWriterFilter@5b166420, org.springframework.web.filter.CorsFilter@25ee3cd6, org.springframework.security.web.authentication.logout.LogoutFilter@17fa25f1, br.com.fiap.coletaSeletiva.config.security.VerificarToken@58e0d1ac, org.springframework.security.web.savedrequest.RequestCacheAwareFilter@6238b10a, org.springframework.security.web.servletapi.SecurityContextHolderAwareRequestFilter@225b460a, org.springframework.security.web.authentication.AnonymousAuthenticationFilter@732ae29c, org.springframework.security.web.session.SessionManagementFilter@66075347, org.springframework.security.web.access.ExceptionTranslationFilter@78b293a, org.springframework.security.web.access.intercept.AuthorizationFilter@49231d79]
2024-05-27T21:08:30.458-03:00  INFO 4864 --- [coletaSeletiva] [           main] b.c.f.c.ColetaSeletivaApplicationTests   : Started ColetaSeletivaApplicationTests in 15.998 seconds (process running for 18.241)
]]></system-out>
  </testcase>
</testsuite>